c:\study\parallel-computing\cuda\x64\release\vc142.pdb
c:\study\parallel-computing\cuda\x64\release\point.obj
c:\study\parallel-computing\cuda\x64\release\mesh.obj
c:\study\parallel-computing\cuda\x64\release\main.obj
c:\study\parallel-computing\cuda\x64\release\frame.obj
c:\study\parallel-computing\cuda\x64\release\cuda.lib
c:\study\parallel-computing\cuda\x64\release\cuda.exp
c:\study\parallel-computing\cuda\x64\release\cuda.ipdb
c:\study\parallel-computing\cuda\x64\release\cuda.iobj
x64\release\kernel.cu.obj
x64\release\matrix.cu.obj
c:\study\parallel-computing\cuda\x64\release\cuda.exe
c:\study\parallel-computing\cuda\x64\release\cuda.pdb
c:\study\parallel-computing\cuda\x64\release\kernel.cu.cache
c:\study\parallel-computing\cuda\x64\release\matrix.cu.cache
c:\study\parallel-computing\cuda\x64\release\kernel.cu.obj
c:\study\parallel-computing\cuda\x64\release\matrix.cu.obj
c:\study\parallel-computing\cuda\x64\release\cuda.tlog\cl.command.1.tlog
c:\study\parallel-computing\cuda\x64\release\cuda.tlog\cl.read.1.tlog
c:\study\parallel-computing\cuda\x64\release\cuda.tlog\cl.write.1.tlog
c:\study\parallel-computing\cuda\x64\release\cuda.tlog\cuda.write.1u.tlog
c:\study\parallel-computing\cuda\x64\release\cuda.tlog\cudacompile.read.1u.tlog
c:\study\parallel-computing\cuda\x64\release\cuda.tlog\cudacompile.write.1u.tlog
c:\study\parallel-computing\cuda\x64\release\cuda.tlog\link.command.1.tlog
c:\study\parallel-computing\cuda\x64\release\cuda.tlog\link.read.1.tlog
c:\study\parallel-computing\cuda\x64\release\cuda.tlog\link.write.1.tlog
