  Compiling CUDA source file kernel.cu...
  Compiling CUDA source file matrix.cu...
  
  C:\Study\Parallel-Computing\cuda>"C:\Program Files\NVIDIA GPU Computing Toolkit\CUDA\v11.1\bin\nvcc.exe" -gencode=arch=compute_52,code=\"sm_52,compute_52\" --use-local-env -ccbin "C:\Program Files (x86)\Microsoft Visual Studio\2019\Community\VC\Tools\MSVC\14.28.29333\bin\HostX86\x64" -x cu   -I"C:\Program Files\NVIDIA GPU Computing Toolkit\CUDA\v11.1\include" -I"C:\Program Files\NVIDIA GPU Computing Toolkit\CUDA\v11.1\include"     --keep-dir x64\Release -maxrregcount=0  --machine 64 --compile -cudart static     -DWIN32 -DWIN64 -DNDEBUG -D_CONSOLE -D_MBCS -Xcompiler "/EHsc /W3 /nologo /O2 /Fdx64\Release\vc142.pdb /FS   /MD " -o x64\Release\kernel.cu.obj "C:\Study\Parallel-Computing\cuda\kernel.cu" 
  
  C:\Study\Parallel-Computing\cuda>"C:\Program Files\NVIDIA GPU Computing Toolkit\CUDA\v11.1\bin\nvcc.exe" -gencode=arch=compute_52,code=\"sm_52,compute_52\" --use-local-env -ccbin "C:\Program Files (x86)\Microsoft Visual Studio\2019\Community\VC\Tools\MSVC\14.28.29333\bin\HostX86\x64" -x cu   -I"C:\Program Files\NVIDIA GPU Computing Toolkit\CUDA\v11.1\include" -I"C:\Program Files\NVIDIA GPU Computing Toolkit\CUDA\v11.1\include"     --keep-dir x64\Release -maxrregcount=0  --machine 64 --compile -cudart static     -DWIN32 -DWIN64 -DNDEBUG -D_CONSOLE -D_MBCS -Xcompiler "/EHsc /W3 /nologo /O2 /Fdx64\Release\vc142.pdb /FS   /MD " -o x64\Release\matrix.cu.obj "C:\Study\Parallel-Computing\cuda\matrix.cu" 
  kernel.cu
  matrix.cu
C:/Study/Parallel-Computing/cuda/matrix.cu(215): warning C4267: аргумент: преобразование из "size_t" в "unsigned int"; возможна потеря данных
C:/Study/Parallel-Computing/cuda/matrix.cu(254): warning C4244: аргумент: преобразование "size_t" в "double", возможна потеря данных
  frame.cpp
  main.cu
C:\Study\Parallel-Computing\cuda\main.cu(77,20): warning C4244: инициализация: преобразование "double" в "unsigned int", возможна потеря данных
C:\Study\Parallel-Computing\cuda\main.cu(32,5): warning C4996: 'sscanf': This function or variable may be unsafe. Consider using sscanf_s instead. To disable deprecation, use _CRT_SECURE_NO_WARNINGS. See online help for details.
C:\Study\Parallel-Computing\cuda\main.cu(33,5): warning C4996: 'sscanf': This function or variable may be unsafe. Consider using sscanf_s instead. To disable deprecation, use _CRT_SECURE_NO_WARNINGS. See online help for details.
C:\Study\Parallel-Computing\cuda\main.cu(34,5): warning C4996: 'sscanf': This function or variable may be unsafe. Consider using sscanf_s instead. To disable deprecation, use _CRT_SECURE_NO_WARNINGS. See online help for details.
C:\Study\Parallel-Computing\cuda\main.cu(35,5): warning C4996: 'sscanf': This function or variable may be unsafe. Consider using sscanf_s instead. To disable deprecation, use _CRT_SECURE_NO_WARNINGS. See online help for details.
C:\Study\Parallel-Computing\cuda\main.cu(38,5): warning C4996: 'sscanf': This function or variable may be unsafe. Consider using sscanf_s instead. To disable deprecation, use _CRT_SECURE_NO_WARNINGS. See online help for details.
C:\Study\Parallel-Computing\cuda\main.cu(39,5): warning C4996: 'sscanf': This function or variable may be unsafe. Consider using sscanf_s instead. To disable deprecation, use _CRT_SECURE_NO_WARNINGS. See online help for details.
C:\Study\Parallel-Computing\cuda\main.cu(40,5): warning C4996: 'sscanf': This function or variable may be unsafe. Consider using sscanf_s instead. To disable deprecation, use _CRT_SECURE_NO_WARNINGS. See online help for details.
C:\Study\Parallel-Computing\cuda\main.cu(41,5): warning C4996: 'sscanf': This function or variable may be unsafe. Consider using sscanf_s instead. To disable deprecation, use _CRT_SECURE_NO_WARNINGS. See online help for details.
C:\Study\Parallel-Computing\cuda\main.cu(45,5): warning C4996: 'sscanf': This function or variable may be unsafe. Consider using sscanf_s instead. To disable deprecation, use _CRT_SECURE_NO_WARNINGS. See online help for details.
C:\Study\Parallel-Computing\cuda\main.cu(46,5): warning C4996: 'sscanf': This function or variable may be unsafe. Consider using sscanf_s instead. To disable deprecation, use _CRT_SECURE_NO_WARNINGS. See online help for details.
C:\Study\Parallel-Computing\cuda\main.cu(47,5): warning C4996: 'sscanf': This function or variable may be unsafe. Consider using sscanf_s instead. To disable deprecation, use _CRT_SECURE_NO_WARNINGS. See online help for details.
C:\Study\Parallel-Computing\cuda\main.cu(48,5): warning C4996: 'sscanf': This function or variable may be unsafe. Consider using sscanf_s instead. To disable deprecation, use _CRT_SECURE_NO_WARNINGS. See online help for details.
C:\Study\Parallel-Computing\cuda\main.cu(53,5): warning C4996: 'sscanf': This function or variable may be unsafe. Consider using sscanf_s instead. To disable deprecation, use _CRT_SECURE_NO_WARNINGS. See online help for details.
C:\Study\Parallel-Computing\cuda\main.cu(54,5): warning C4996: 'sscanf': This function or variable may be unsafe. Consider using sscanf_s instead. To disable deprecation, use _CRT_SECURE_NO_WARNINGS. See online help for details.
C:\Study\Parallel-Computing\cuda\main.cu(55,5): warning C4996: 'sscanf': This function or variable may be unsafe. Consider using sscanf_s instead. To disable deprecation, use _CRT_SECURE_NO_WARNINGS. See online help for details.
C:\Study\Parallel-Computing\cuda\main.cu(56,5): warning C4996: 'sscanf': This function or variable may be unsafe. Consider using sscanf_s instead. To disable deprecation, use _CRT_SECURE_NO_WARNINGS. See online help for details.
  mesh.cpp
  point.cpp
     Создается библиотека C:\Study\Parallel-Computing\cuda\x64\Release\cuda.lib и объект C:\Study\Parallel-Computing\cuda\x64\Release\cuda.exp
  Создание кода
  Previous IPDB not found, fall back to full compilation.
  All 222 functions were compiled because no usable IPDB/IOBJ from previous compilation was found.
  Создание кода завершено
  cuda.vcxproj -> C:\Study\Parallel-Computing\cuda\x64\Release\cuda.exe
